<?xml version="1.0" encoding="UTF-8"?>
<testng-results skipped="0" failed="0" ignored="0" total="1" passed="1">
  <reporter-output>
  </reporter-output>
  <suite name="Suite" duration-ms="7060" started-at="2022-01-27T23:58:44Z" finished-at="2022-01-27T23:58:51Z">
    <groups>
    </groups>
    <test name="Test" duration-ms="7060" started-at="2022-01-27T23:58:44Z" finished-at="2022-01-27T23:58:51Z">
      <class name="keyworddrivenfwk.tests.TestScript">
        <test-method status="PASS" signature="invokeBrowser(java.lang.String)[pri:0, instance:keyworddrivenfwk.tests.TestScript@aecb35a]" name="invokeBrowser" is-config="true" duration-ms="1924" started-at="2022-01-27T23:58:44Z" finished-at="2022-01-27T23:58:46Z">
          <params>
            <param index="0">
              <value>
                <![CDATA[CH]]>
              </value>
            </param>
          </params>
          <reporter-output>
          </reporter-output>
        </test-method> <!-- invokeBrowser -->
        <test-method status="PASS" signature="invalidLoginTest()[pri:0, instance:keyworddrivenfwk.tests.TestScript@aecb35a]" name="invalidLoginTest" duration-ms="4497" started-at="2022-01-27T23:58:46Z" finished-at="2022-01-27T23:58:51Z">
          <reporter-output>
          </reporter-output>
        </test-method> <!-- invalidLoginTest -->
        <test-method status="PASS" signature="closeBrowser()[pri:0, instance:keyworddrivenfwk.tests.TestScript@aecb35a]" name="closeBrowser" is-config="true" duration-ms="613" started-at="2022-01-27T23:58:51Z" finished-at="2022-01-27T23:58:51Z">
          <reporter-output>
          </reporter-output>
        </test-method> <!-- closeBrowser -->
      </class> <!-- keyworddrivenfwk.tests.TestScript -->
    </test> <!-- Test -->
  </suite> <!-- Suite -->
</testng-results>
